<?xml version="1.0" encoding="UTF-8"?>
<testng-results skipped="0" failed="0" total="2" passed="2">
  <reporter-output>
  </reporter-output>
  <suite name="Default Suite" duration-ms="20" started-at="2019-11-20T07:03:41Z" finished-at="2019-11-20T07:03:41Z">
    <groups>
    </groups>
    <test name="webdriver_demo" duration-ms="20" started-at="2019-11-20T07:03:41Z" finished-at="2019-11-20T07:03:41Z">
      <class name="com.test.TestNGDemo1">
        <test-method status="PASS" signature="beforeTest1()[pri:0, instance:com.test.TestNGDemo1@12050f6]" name="beforeTest1" is-config="true" duration-ms="9" started-at="2019-11-20T15:03:41Z" finished-at="2019-11-20T15:03:41Z">
          <reporter-output>
          </reporter-output>
        </test-method> <!-- beforeTest1 -->
        <test-method status="PASS" signature="beforeMethod()[pri:0, instance:com.test.TestNGDemo1@12050f6]" name="beforeMethod" is-config="true" duration-ms="1" started-at="2019-11-20T15:03:41Z" finished-at="2019-11-20T15:03:41Z">
          <reporter-output>
          </reporter-output>
        </test-method> <!-- beforeMethod -->
        <test-method status="PASS" signature="beforeMethod()[pri:0, instance:com.test.TestNGDemo1@12050f6]" name="beforeMethod" is-config="true" duration-ms="1" started-at="2019-11-20T15:03:41Z" finished-at="2019-11-20T15:03:41Z">
          <reporter-output>
          </reporter-output>
        </test-method> <!-- beforeMethod -->
        <test-method status="PASS" signature="testCast2()[pri:0, instance:com.test.TestNGDemo1@12050f6]" name="testCast2" duration-ms="0" started-at="2019-11-20T15:03:41Z" finished-at="2019-11-20T15:03:41Z">
          <reporter-output>
          </reporter-output>
        </test-method> <!-- testCast2 -->
        <test-method status="PASS" signature="testCase1()[pri:0, instance:com.test.TestNGDemo1@12050f6]" name="testCase1" duration-ms="0" started-at="2019-11-20T15:03:41Z" finished-at="2019-11-20T15:03:41Z">
          <reporter-output>
          </reporter-output>
        </test-method> <!-- testCase1 -->
        <test-method status="PASS" signature="afterMethod()[pri:0, instance:com.test.TestNGDemo1@12050f6]" name="afterMethod" is-config="true" duration-ms="0" started-at="2019-11-20T15:03:41Z" finished-at="2019-11-20T15:03:41Z">
          <reporter-output>
          </reporter-output>
        </test-method> <!-- afterMethod -->
        <test-method status="PASS" signature="afterMethod()[pri:0, instance:com.test.TestNGDemo1@12050f6]" name="afterMethod" is-config="true" duration-ms="0" started-at="2019-11-20T15:03:41Z" finished-at="2019-11-20T15:03:41Z">
          <reporter-output>
          </reporter-output>
        </test-method> <!-- afterMethod -->
        <test-method status="PASS" signature="afterTest1()[pri:0, instance:com.test.TestNGDemo1@12050f6]" name="afterTest1" is-config="true" duration-ms="0" started-at="2019-11-20T15:03:41Z" finished-at="2019-11-20T15:03:41Z">
          <reporter-output>
          </reporter-output>
        </test-method> <!-- afterTest1 -->
      </class> <!-- com.test.TestNGDemo1 -->
    </test> <!-- webdriver_demo -->
  </suite> <!-- Default Suite -->
</testng-results>
